<?xml version="1.0" encoding="UTF-8"?>
<testng-results skipped="0" failed="0" ignored="0" total="1" passed="1">
  <reporter-output>
  </reporter-output>
  <suite name="Surefire suite" duration-ms="237" started-at="2022-08-23T07:49:58Z" finished-at="2022-08-23T07:49:59Z">
    <groups>
    </groups>
    <test name="Surefire test" duration-ms="237" started-at="2022-08-23T07:49:58Z" finished-at="2022-08-23T07:49:59Z">
      <class name="TestAllure">
        <test-method status="PASS" signature="firstTest()[pri:0, instance:TestAllure@10993713]" name="firstTest" duration-ms="73" started-at="2022-08-23T07:49:58Z" finished-at="2022-08-23T07:49:59Z">
          <reporter-output>
          </reporter-output>
        </test-method> <!-- firstTest -->
      </class> <!-- TestAllure -->
    </test> <!-- Surefire test -->
  </suite> <!-- Surefire suite -->
</testng-results>
